/home/wnb/PycharmProjects/DEIM/engine/core/workspace.py:180: FutureWarning: `torch.cuda.amp.GradScaler(args...)` is deprecated. Please use `torch.amp.GradScaler('cuda', args...)` instead.
  return module(**module_kwargs)
Not init distributed mode.
cfg:  {'task': 'detection', '_model': None, '_postprocessor': None, '_criterion': None, '_optimizer': None, '_lr_scheduler': None, '_lr_warmup_scheduler': None, '_train_dataloader': None, '_val_dataloader': None, '_ema': None, '_scaler': None, '_train_dataset': None, '_val_dataset': None, '_collate_fn': None, '_evaluator': None, '_writer': None, 'num_workers': 0, 'batch_size': None, '_train_batch_size': None, '_val_batch_size': None, '_train_shuffle': None, '_val_shuffle': None, 'resume': None, 'tuning': None, 'epoches': 160, 'last_epoch': -1, 'lrsheduler': 'flatcosine', 'lr_gamma': 1.0, 'no_aug_epoch': 12, 'warmup_iter': 2000, 'flat_epoch': 7800, 'use_amp': True, 'use_ema': True, 'ema_decay': 0.9999, 'ema_warmups': 2000, 'sync_bn': True, 'clip_max_norm': 0.1, 'find_unused_parameters': False, 'seed': 0, 'print_freq': 100, 'checkpoint_freq': 4, 'output_dir': './deim_outputs/deim_hgnetv2_n_coco', 'summary_dir': None, 'device': '', 'yaml_cfg': {'task': 'detection', 'evaluator': {'type': 'CocoEvaluator', 'iou_types': ['bbox']}, 'num_classes': 13, 'remap_mscoco_category': False, 'train_dataloader': {'type': 'DataLoader', 'dataset': {'type': 'CocoDetection', 'img_folder': '/home/Datasets/disease_l_coco/images/train', 'ann_file': '/home/Datasets/disease_l_coco/annotations/train.json', 'return_masks': False, 'transforms': {'type': 'Compose', 'ops': [{'type': 'Mosaic', 'output_size': 320, 'rotation_range': 10, 'translation_range': [0.1, 0.1], 'scaling_range': [0.5, 1.5], 'probability': 1.0, 'fill_value': 0, 'use_cache': False, 'max_cached_images': 50, 'random_pop': True}, {'type': 'RandomPhotometricDistort', 'p': 0.5}, {'type': 'RandomZoomOut', 'fill': 0}, {'type': 'RandomIoUCrop', 'p': 0.8}, {'type': 'SanitizeBoundingBoxes', 'min_size': 1}, {'type': 'RandomHorizontalFlip'}, {'type': 'Resize', 'size': [640, 640]}, {'type': 'SanitizeBoundingBoxes', 'min_size': 1}, {'type': 'ConvertPILImage', 'dtype': 'float32', 'scale': True}, {'type': 'ConvertBoxes', 'fmt': 'cxcywh', 'normalize': True}], 'policy': {'name': 'stop_epoch', 'epoch': [4, 78, 148], 'ops': ['Mosaic', 'RandomPhotometricDistort', 'RandomZoomOut', 'RandomIoUCrop']}, 'mosaic_prob': 0.5}}, 'shuffle': True, 'num_workers': 4, 'drop_last': True, 'collate_fn': {'type': 'BatchImageCollateFunction', 'base_size': 640, 'base_size_repeat': None, 'stop_epoch': 148, 'ema_restart_decay': 0.9999, 'mixup_prob': 0.5, 'mixup_epochs': [4, 78]}, 'total_batch_size': 32}, 'val_dataloader': {'type': 'DataLoader', 'dataset': {'type': 'CocoDetection', 'img_folder': '/home/Datasets/disease_l_coco/images/test', 'ann_file': '/home/Datasets/disease_l_coco/annotations/test.json', 'return_masks': False, 'transforms': {'type': 'Compose', 'ops': [{'type': 'Resize', 'size': [640, 640]}, {'type': 'ConvertPILImage', 'dtype': 'float32', 'scale': True}]}}, 'shuffle': False, 'num_workers': 4, 'drop_last': False, 'collate_fn': {'type': 'BatchImageCollateFunction'}, 'total_batch_size': 32}, 'print_freq': 100, 'output_dir': './deim_outputs/deim_hgnetv2_n_coco', 'checkpoint_freq': 4, 'sync_bn': True, 'find_unused_parameters': False, 'use_amp': True, 'scaler': {'type': 'GradScaler', 'enabled': True}, 'use_ema': True, 'ema': {'type': 'ModelEMA', 'decay': 0.9999, 'warmups': 1000, 'start': 0}, 'epoches': 160, 'clip_max_norm': 0.1, 'optimizer': {'type': 'AdamW', 'params': [{'params': '^(?=.*backbone)(?!.*norm|bn).*$', 'lr': 0.0004}, {'params': '^(?=.*backbone)(?=.*norm|bn).*$', 'lr': 0.0004, 'weight_decay': 0.0}, {'params': '^(?=.*(?:encoder|decoder))(?=.*(?:norm|bn|bias)).*$', 'weight_decay': 0.0}], 'lr': 0.0008, 'betas': [0.9, 0.999], 'weight_decay': 0.0001}, 'lr_scheduler': {'type': 'MultiStepLR', 'milestones': [500], 'gamma': 0.1}, 'lr_warmup_scheduler': {'type': 'LinearWarmup', 'warmup_duration': 500}, 'model': 'DEIM', 'criterion': 'DEIMCriterion', 'postprocessor': 'PostProcessor', 'use_focal_loss': True, 'eval_spatial_size': [640, 640], 'DEIM': {'backbone': 'HGNetv2_pcrt', 'encoder': 'HybridEncoder', 'decoder': 'DFINETransformer'}, 'lrsheduler': 'flatcosine', 'lr_gamma': 1.0, 'warmup_iter': 2000, 'flat_epoch': 7800, 'no_aug_epoch': 12, 'HGNetv2': {'pretrained': True, 'local_model_dir': '../RT-DETR-main/D-FINE/weight/hgnetv2/', 'name': 'B0', 'return_idx': [2, 3], 'freeze_at': -1, 'freeze_norm': False, 'use_lab': True}, 'HybridEncoder': {'in_channels': [512, 1024], 'feat_strides': [16, 32], 'hidden_dim': 128, 'use_encoder_idx': [1], 'num_encoder_layers': 1, 'nhead': 8, 'dim_feedforward': 512, 'dropout': 0.0, 'enc_act': 'gelu', 'expansion': 0.34, 'depth_mult': 0.5, 'act': 'silu'}, 'DFINETransformer': {'feat_channels': [128, 128], 'feat_strides': [16, 32], 'hidden_dim': 128, 'num_levels': 2, 'num_layers': 3, 'eval_idx': -1, 'num_queries': 300, 'num_denoising': 100, 'label_noise_ratio': 0.5, 'box_noise_scale': 1.0, 'reg_max': 32, 'reg_scale': 4, 'layer_scale': 1, 'num_points': [6, 6], 'cross_attn_method': 'default', 'query_select_method': 'default', 'dim_feedforward': 512, 'activation': 'silu', 'mlp_act': 'silu'}, 'PostProcessor': {'num_top_queries': 300}, 'DEIMCriterion': {'weight_dict': {'loss_vfl': 1, 'loss_bbox': 5, 'loss_giou': 2, 'loss_fgl': 0.15, 'loss_ddf': 1.5, 'loss_mal': 1}, 'losses': ['mal', 'boxes', 'local'], 'alpha': 0.75, 'gamma': 1.5, 'reg_max': 32, 'matcher': {'type': 'HungarianMatcher', 'weight_dict': {'cost_class': 2, 'cost_bbox': 5, 'cost_giou': 2}, 'alpha': 0.25, 'gamma': 2.0}}, '__include__': ['./dfine_hgnetv2_n_coco.yml', '../base/deim.yml'], 'HGNetv2_pcrt': {'name': 'B0', 'return_idx': [2, 3], 'freeze_at': -1, 'freeze_norm': False, 'use_lab': True, 'pretrained': False}, 'config': 'configs/deim_dfine/deim_hgnetv2_n_disease.yml', 'seed': 0, 'test_only': False, 'print_method': 'builtin', 'print_rank': 0}}
Initial lr: [0.0004, 0.0004, 0.0008, 0.0008]
building train_dataloader with batch_size=32...
     ### Transform @Mosaic ###    
     ### Transform @RandomPhotometricDistort ###    
     ### Transform @RandomZoomOut ###    
     ### Transform @RandomIoUCrop ###    
     ### Transform @SanitizeBoundingBoxes ###    
     ### Transform @RandomHorizontalFlip ###    
     ### Transform @Resize ###    
     ### Transform @SanitizeBoundingBoxes ###    
     ### Transform @ConvertPILImage ###    
     ### Transform @ConvertBoxes ###    
     ### Mosaic with Prob.@0.5 and ZoomOut/IoUCrop existed ### 
     ### ImgTransforms Epochs: [4, 78, 148] ### 
     ### Policy_ops@['Mosaic', 'RandomPhotometricDistort', 'RandomZoomOut', 'RandomIoUCrop'] ###
     ### Using MixUp with Prob@0.5 in [4, 78] epochs ### 
     ### Multi-scale Training until 148 epochs ### 
     ### Multi-scales@ None ###        
building val_dataloader with batch_size=32...
     ### Transform @Resize ###    
     ### Transform @ConvertPILImage ###    

------------------------------------- Calculate Flops Results -------------------------------------
Notations:
number of parameters (Params), number of multiply-accumulate operations(MACs),
number of floating-point operations (FLOPs), floating-point operations per second (FLOPS),
fwd FLOPs (model forward propagation FLOPs), bwd FLOPs (model backward propagation FLOPs),
default model backpropagation takes 2.00 times as much computation as forward propagation.

Total Training Params:                                                  6.24 M  
fwd MACs:                                                               7.9925 GMACs
fwd FLOPs:                                                              16.1077 GFLOPS
fwd+bwd MACs:                                                           23.9776 GMACs
fwd+bwd FLOPs:                                                          48.3231 GFLOPS
---------------------------------------------------------------------------------------------------
{'Model FLOPs:16.1077 GFLOPS   MACs:7.9925 GMACs   Params:6235709'}
------------------------------------------Start training-------------------------------------------
     ## Using Self-defined Scheduler-flatcosine ## 
[0.0004, 0.0004, 0.0008, 0.0008] [0.0004, 0.0004, 0.0008, 0.0008] 117120 2000 5709600 8784
number of trainable parameters: 6247315

====================================================================================================
                       2026-03-28 17:28:49🏆🏆第【001】轮开始训练🏆🏆                       
====================================================================================================
📦 总迭代数: 732
📦 批次大小: 32
📦 混合精度训练: True 
📦 当前学习率: 0.000001
📦 训练模式: 后台nohup
====================================================================================================
[Epoch001 0001/732] 损失:33.000 | LR:0.000000 | 0.1it/s (0.1%)
[Epoch001 0501/732] 损失:31.483 | LR:0.000025 | 1.1it/s (68.4%)
[Epoch001 0732/732] 损失:28.435 | LR:0.000053 | 1.0it/s (100.0%)
----------------------------------------------------------------------------------------------------
                       2026-03-28 17:40:58✅✅第【001】轮训练完成✅✅                       
----------------------------------------------------------------------------------------------------
📊平均总损失: 31.5626
📊当前学习率: 0.000053
📊本轮训练耗时: 729.2s (12.2min)
📊平均速度: 1.00 it/s
📊目前最优训练损失第001轮: 31.5626
----------------------------------------------------------------------------------------------------
====================================================================================================
                        2026-03-28 17:40:58📈📈第【001】轮评估📈📈                        
====================================================================================================
📦 评估批次总数: 184
📦 批次大小: 32
----------------------------------------------------------------------------------------------------
[评估进度 Epoch001 0001/184] 0.5% | 0.3it/s
[评估进度 Epoch001 0184/184] 100.0% | 1.6it/s
----------------------------------------------------------------------------------------------------
📦 评估完成，评估耗时: 115.6s (1.9min)
Accumulating evaluation results...
COCOeval_opt.accumulate() finished...
DONE (t=3.73s).
IoU metric: bbox
 Average Precision  (AP) @[ IoU=0.50:0.95 | area=   all | maxDets=100 ] = 0.001
 Average Precision  (AP) @[ IoU=0.50      | area=   all | maxDets=100 ] = 0.003
 Average Precision  (AP) @[ IoU=0.75      | area=   all | maxDets=100 ] = 0.000
 Average Precision  (AP) @[ IoU=0.50:0.95 | area= small | maxDets=100 ] = 0.000
 Average Precision  (AP) @[ IoU=0.50:0.95 | area=medium | maxDets=100 ] = 0.000
 Average Precision  (AP) @[ IoU=0.50:0.95 | area= large | maxDets=100 ] = 0.001
 Average Recall     (AR) @[ IoU=0.50:0.95 | area=   all | maxDets=  1 ] = 0.002
 Average Recall     (AR) @[ IoU=0.50:0.95 | area=   all | maxDets= 10 ] = 0.019
 Average Recall     (AR) @[ IoU=0.50:0.95 | area=   all | maxDets=100 ] = 0.059
 Average Recall     (AR) @[ IoU=0.50:0.95 | area= small | maxDets=100 ] = 0.000
 Average Recall     (AR) @[ IoU=0.50:0.95 | area=medium | maxDets=100 ] = 0.015
 Average Recall     (AR) @[ IoU=0.50:0.95 | area= large | maxDets=100 ] = 0.081
 Average Recall     (AR) @[ IoU=0.50      | area=   all | maxDets=100 ] = 0.176
 Average Recall     (AR) @[ IoU=0.75      | area=   all | maxDets=100 ] = 0.031
======================================================================================================================================================
                    2026-03-28 17:42:58🏆🏆第【001】轮COCO核心评估结果🏆🏆                    
===============================================================================================================================🏆🏆第【001】轮结果🏆🏆
🎯        mAP@0.5 : 0.0033
🎯       mAP@0.75 : 0.0001
🎯 mAP@[0.5:0.95] : 0.0007
===============================================================================================================================🏆🏆第【001】轮结果🏆🏆
🔥        最优mAP@0.5 : 0.0033   | 记录于第 001 轮
🔥       最优mAP@0.75 : 0.0001   | 记录于第 001 轮
🔥 最优mAP@[0.5:0.95] : 0.0007   | 记录于第 001 轮
======================================================================================================================================================

====================================================================================================
                       2026-03-28 17:42:59🏆🏆第【002】轮开始训练🏆🏆                       
====================================================================================================
📦 总迭代数: 732
📦 批次大小: 32
📦 混合精度训练: True 
📦 当前学习率: 0.000053
📦 训练模式: 后台nohup
====================================================================================================
[Epoch002 0001/732] 损失:29.287 | LR:0.000054 | 0.3it/s (0.1%)
[Epoch002 0501/732] 损失:28.327 | LR:0.000152 | 1.1it/s (68.4%)
[Epoch002 0732/732] 损失:28.788 | LR:0.000214 | 1.1it/s (100.0%)
----------------------------------------------------------------------------------------------------
                       2026-03-28 17:54:00✅✅第【002】轮训练完成✅✅                       
----------------------------------------------------------------------------------------------------
📊平均总损失: 29.0633
📊当前学习率: 0.000214
📊本轮训练耗时: 661.3s (11.0min)
📊平均速度: 1.11 it/s
📊目前最优训练损失第002轮: 29.0633
----------------------------------------------------------------------------------------------------
====================================================================================================
                        2026-03-28 17:54:01📈📈第【002】轮评估📈📈                        
====================================================================================================
📦 评估批次总数: 184
📦 批次大小: 32
----------------------------------------------------------------------------------------------------
[评估进度 Epoch002 0001/184] 0.5% | 0.3it/s
[评估进度 Epoch002 0184/184] 100.0% | 1.8it/s
----------------------------------------------------------------------------------------------------
📦 评估完成，评估耗时: 99.9s (1.7min)
Accumulating evaluation results...
COCOeval_opt.accumulate() finished...
DONE (t=2.63s).
IoU metric: bbox
 Average Precision  (AP) @[ IoU=0.50:0.95 | area=   all | maxDets=100 ] = 0.018
 Average Precision  (AP) @[ IoU=0.50      | area=   all | maxDets=100 ] = 0.043
 Average Precision  (AP) @[ IoU=0.75      | area=   all | maxDets=100 ] = 0.013
 Average Precision  (AP) @[ IoU=0.50:0.95 | area= small | maxDets=100 ] = 0.000
 Average Precision  (AP) @[ IoU=0.50:0.95 | area=medium | maxDets=100 ] = 0.005
 Average Precision  (AP) @[ IoU=0.50:0.95 | area= large | maxDets=100 ] = 0.026
 Average Recall     (AR) @[ IoU=0.50:0.95 | area=   all | maxDets=  1 ] = 0.054
 Average Recall     (AR) @[ IoU=0.50:0.95 | area=   all | maxDets= 10 ] = 0.098
 Average Recall     (AR) @[ IoU=0.50:0.95 | area=   all | maxDets=100 ] = 0.151
 Average Recall     (AR) @[ IoU=0.50:0.95 | area= small | maxDets=100 ] = 0.000
 Average Recall     (AR) @[ IoU=0.50:0.95 | area=medium | maxDets=100 ] = 0.056
 Average Recall     (AR) @[ IoU=0.50:0.95 | area= large | maxDets=100 ] = 0.222
 Average Recall     (AR) @[ IoU=0.50      | area=   all | maxDets=100 ] = 0.324
 Average Recall     (AR) @[ IoU=0.75      | area=   all | maxDets=100 ] = 0.126
======================================================================================================================================================
                    2026-03-28 17:55:43🏆🏆第【002】轮COCO核心评估结果🏆🏆                    
===============================================================================================================================🏆🏆第【002】轮结果🏆🏆
🎯        mAP@0.5 : 0.0429
🎯       mAP@0.75 : 0.0135
🎯 mAP@[0.5:0.95] : 0.0183
===============================================================================================================================🏆🏆第【002】轮结果🏆🏆
🔥        最优mAP@0.5 : 0.0429   | 记录于第 002 轮
🔥       最优mAP@0.75 : 0.0135   | 记录于第 002 轮
🔥 最优mAP@[0.5:0.95] : 0.0183   | 记录于第 002 轮
======================================================================================================================================================

====================================================================================================
                       2026-03-28 17:55:44🏆🏆第【003】轮开始训练🏆🏆                       
====================================================================================================
📦 总迭代数: 732
📦 批次大小: 32
📦 混合精度训练: True 
📦 当前学习率: 0.000214
📦 训练模式: 后台nohup
====================================================================================================
[Epoch003 0001/732] 损失:28.307 | LR:0.000214 | 0.3it/s (0.1%)
[Epoch003 0501/732] 损失:27.389 | LR:0.000386 | 1.1it/s (68.4%)
[Epoch003 0732/732] 损失:28.495 | LR:0.000400 | 1.1it/s (100.0%)
----------------------------------------------------------------------------------------------------
                       2026-03-28 18:06:59✅✅第【003】轮训练完成✅✅                       
----------------------------------------------------------------------------------------------------
📊平均总损失: 28.2101
📊当前学习率: 0.000400
📊本轮训练耗时: 674.6s (11.2min)
📊平均速度: 1.09 it/s
📊目前最优训练损失第003轮: 28.2101
----------------------------------------------------------------------------------------------------
====================================================================================================
                        2026-03-28 18:07:00📈📈第【003】轮评估📈📈                        
====================================================================================================
📦 评估批次总数: 184
📦 批次大小: 32
----------------------------------------------------------------------------------------------------
[评估进度 Epoch003 0001/184] 0.5% | 0.2it/s
[评估进度 Epoch003 0184/184] 100.0% | 1.8it/s
----------------------------------------------------------------------------------------------------
📦 评估完成，评估耗时: 100.9s (1.7min)
Accumulating evaluation results...
COCOeval_opt.accumulate() finished...
DONE (t=2.52s).
IoU metric: bbox
 Average Precision  (AP) @[ IoU=0.50:0.95 | area=   all | maxDets=100 ] = 0.058
 Average Precision  (AP) @[ IoU=0.50      | area=   all | maxDets=100 ] = 0.126
 Average Precision  (AP) @[ IoU=0.75      | area=   all | maxDets=100 ] = 0.047
 Average Precision  (AP) @[ IoU=0.50:0.95 | area= small | maxDets=100 ] = 0.006
 Average Precision  (AP) @[ IoU=0.50:0.95 | area=medium | maxDets=100 ] = 0.037
 Average Precision  (AP) @[ IoU=0.50:0.95 | area= large | maxDets=100 ] = 0.092
 Average Recall     (AR) @[ IoU=0.50:0.95 | area=   all | maxDets=  1 ] = 0.090
 Average Recall     (AR) @[ IoU=0.50:0.95 | area=   all | maxDets= 10 ] = 0.162
 Average Recall     (AR) @[ IoU=0.50:0.95 | area=   all | maxDets=100 ] = 0.255
 Average Recall     (AR) @[ IoU=0.50:0.95 | area= small | maxDets=100 ] = 0.009
 Average Recall     (AR) @[ IoU=0.50:0.95 | area=medium | maxDets=100 ] = 0.149
 Average Recall     (AR) @[ IoU=0.50:0.95 | area= large | maxDets=100 ] = 0.359
 Average Recall     (AR) @[ IoU=0.50      | area=   all | maxDets=100 ] = 0.487
 Average Recall     (AR) @[ IoU=0.75      | area=   all | maxDets=100 ] = 0.235
======================================================================================================================================================
                    2026-03-28 18:08:43🏆🏆第【003】轮COCO核心评估结果🏆🏆                    
===============================================================================================================================🏆🏆第【003】轮结果🏆🏆
🎯        mAP@0.5 : 0.1262
🎯       mAP@0.75 : 0.0469
🎯 mAP@[0.5:0.95] : 0.0583
===============================================================================================================================🏆🏆第【003】轮结果🏆🏆
🔥        最优mAP@0.5 : 0.1262   | 记录于第 003 轮
🔥       最优mAP@0.75 : 0.0469   | 记录于第 003 轮
🔥 最优mAP@[0.5:0.95] : 0.0583   | 记录于第 003 轮
======================================================================================================================================================

====================================================================================================
                       2026-03-28 18:08:44🏆🏆第【004】轮开始训练🏆🏆                       
====================================================================================================
📦 总迭代数: 732
📦 批次大小: 32
📦 混合精度训练: True 
📦 当前学习率: 0.000400
📦 训练模式: 后台nohup
====================================================================================================
[Epoch004 0001/732] 损失:27.896 | LR:0.000400 | 0.2it/s (0.1%)
[Epoch004 0501/732] 损失:29.003 | LR:0.000400 | 1.1it/s (68.4%)
[Epoch004 0732/732] 损失:28.653 | LR:0.000400 | 1.1it/s (100.0%)
----------------------------------------------------------------------------------------------------
                       2026-03-28 18:19:49✅✅第【004】轮训练完成✅✅                       
----------------------------------------------------------------------------------------------------
📊平均总损失: 27.1869
📊当前学习率: 0.000400
📊本轮训练耗时: 664.9s (11.1min)
📊平均速度: 1.10 it/s
📊目前最优训练损失第004轮: 27.1869
----------------------------------------------------------------------------------------------------
====================================================================================================
                        2026-03-28 18:19:50📈📈第【004】轮评估📈📈                        
====================================================================================================
📦 评估批次总数: 184
📦 批次大小: 32
----------------------------------------------------------------------------------------------------
[评估进度 Epoch004 0001/184] 0.5% | 0.3it/s
[评估进度 Epoch004 0184/184] 100.0% | 1.8it/s
----------------------------------------------------------------------------------------------------
📦 评估完成，评估耗时: 99.9s (1.7min)
Accumulating evaluation results...
COCOeval_opt.accumulate() finished...
DONE (t=2.42s).
IoU metric: bbox
 Average Precision  (AP) @[ IoU=0.50:0.95 | area=   all | maxDets=100 ] = 0.106
 Average Precision  (AP) @[ IoU=0.50      | area=   all | maxDets=100 ] = 0.213
 Average Precision  (AP) @[ IoU=0.75      | area=   all | maxDets=100 ] = 0.095
 Average Precision  (AP) @[ IoU=0.50:0.95 | area= small | maxDets=100 ] = 0.014
 Average Precision  (AP) @[ IoU=0.50:0.95 | area=medium | maxDets=100 ] = 0.067
 Average Precision  (AP) @[ IoU=0.50:0.95 | area= large | maxDets=100 ] = 0.146
 Average Recall     (AR) @[ IoU=0.50:0.95 | area=   all | maxDets=  1 ] = 0.115
 Average Recall     (AR) @[ IoU=0.50:0.95 | area=   all | maxDets= 10 ] = 0.216
 Average Recall     (AR) @[ IoU=0.50:0.95 | area=   all | maxDets=100 ] = 0.332
 Average Recall     (AR) @[ IoU=0.50:0.95 | area= small | maxDets=100 ] = 0.043
 Average Recall     (AR) @[ IoU=0.50:0.95 | area=medium | maxDets=100 ] = 0.225
 Average Recall     (AR) @[ IoU=0.50:0.95 | area= large | maxDets=100 ] = 0.437
 Average Recall     (AR) @[ IoU=0.50      | area=   all | maxDets=100 ] = 0.610
 Average Recall     (AR) @[ IoU=0.75      | area=   all | maxDets=100 ] = 0.304
======================================================================================================================================================
                    2026-03-28 18:21:33🏆🏆第【004】轮COCO核心评估结果🏆🏆                    
===============================================================================================================================🏆🏆第【004】轮结果🏆🏆
🎯        mAP@0.5 : 0.2126
🎯       mAP@0.75 : 0.0954
🎯 mAP@[0.5:0.95] : 0.1064
===============================================================================================================================🏆🏆第【004】轮结果🏆🏆
🔥        最优mAP@0.5 : 0.2126   | 记录于第 004 轮
🔥       最优mAP@0.75 : 0.0954   | 记录于第 004 轮
🔥 最优mAP@[0.5:0.95] : 0.1064   | 记录于第 004 轮
======================================================================================================================================================

====================================================================================================
                       2026-03-28 18:21:34🏆🏆第【005】轮开始训练🏆🏆                       
====================================================================================================
📦 总迭代数: 732
📦 批次大小: 32
📦 混合精度训练: True 
📦 当前学习率: 0.000400
📦 训练模式: 后台nohup
====================================================================================================
[Epoch005 0001/732] 损失:30.685 | LR:0.000400 | 0.1it/s (0.1%)
[Epoch005 0501/732] 损失:26.714 | LR:0.000400 | 0.5it/s (68.4%)
[Epoch005 0732/732] 损失:26.367 | LR:0.000400 | 0.5it/s (100.0%)
----------------------------------------------------------------------------------------------------
                       2026-03-28 18:44:24✅✅第【005】轮训练完成✅✅                       
----------------------------------------------------------------------------------------------------
📊平均总损失: 26.8461
📊当前学习率: 0.000400
📊本轮训练耗时: 1369.8s (22.8min)
📊平均速度: 0.53 it/s
📊目前最优训练损失第005轮: 26.8461
----------------------------------------------------------------------------------------------------
====================================================================================================
                        2026-03-28 18:44:24📈📈第【005】轮评估📈📈                        
====================================================================================================
📦 评估批次总数: 184
📦 批次大小: 32
----------------------------------------------------------------------------------------------------
[评估进度 Epoch005 0001/184] 0.5% | 0.3it/s
[评估进度 Epoch005 0184/184] 100.0% | 1.9it/s
----------------------------------------------------------------------------------------------------
📦 评估完成，评估耗时: 98.1s (1.6min)
Accumulating evaluation results...
COCOeval_opt.accumulate() finished...
DONE (t=4.35s).
IoU metric: bbox
 Average Precision  (AP) @[ IoU=0.50:0.95 | area=   all | maxDets=100 ] = 0.068
 Average Precision  (AP) @[ IoU=0.50      | area=   all | maxDets=100 ] = 0.144
 Average Precision  (AP) @[ IoU=0.75      | area=   all | maxDets=100 ] = 0.055
 Average Precision  (AP) @[ IoU=0.50:0.95 | area= small | maxDets=100 ] = 0.010
 Average Precision  (AP) @[ IoU=0.50:0.95 | area=medium | maxDets=100 ] = 0.049
 Average Precision  (AP) @[ IoU=0.50:0.95 | area= large | maxDets=100 ] = 0.099
 Average Recall     (AR) @[ IoU=0.50:0.95 | area=   all | maxDets=  1 ] = 0.096
 Average Recall     (AR) @[ IoU=0.50:0.95 | area=   all | maxDets= 10 ] = 0.183
 Average Recall     (AR) @[ IoU=0.50:0.95 | area=   all | maxDets=100 ] = 0.278
 Average Recall     (AR) @[ IoU=0.50:0.95 | area= small | maxDets=100 ] = 0.042
 Average Recall     (AR) @[ IoU=0.50:0.95 | area=medium | maxDets=100 ] = 0.194
 Average Recall     (AR) @[ IoU=0.50:0.95 | area= large | maxDets=100 ] = 0.356
 Average Recall     (AR) @[ IoU=0.50      | area=   all | maxDets=100 ] = 0.543
 Average Recall     (AR) @[ IoU=0.75      | area=   all | maxDets=100 ] = 0.246
======================================================================================================================================================
                    2026-03-28 18:46:07🏆🏆第【005】轮COCO核心评估结果🏆🏆                    
===============================================================================================================================🏆🏆第【005】轮结果🏆🏆
🎯        mAP@0.5 : 0.1437
🎯       mAP@0.75 : 0.0552
🎯 mAP@[0.5:0.95] : 0.0678
===============================================================================================================================🏆🏆第【005】轮结果🏆🏆
🔥        最优mAP@0.5 : 0.2126   | 记录于第 004 轮
🔥       最优mAP@0.75 : 0.0954   | 记录于第 004 轮
🔥 最优mAP@[0.5:0.95] : 0.1064   | 记录于第 004 轮
======================================================================================================================================================

====================================================================================================
                       2026-03-28 18:46:07🏆🏆第【006】轮开始训练🏆🏆                       
====================================================================================================
📦 总迭代数: 732
📦 批次大小: 32
📦 混合精度训练: True 
📦 当前学习率: 0.000400
📦 训练模式: 后台nohup
====================================================================================================
[Epoch006 0001/732] 损失:27.382 | LR:0.000400 | 0.1it/s (0.1%)
[Epoch006 0501/732] 损失:26.291 | LR:0.000400 | 0.5it/s (68.4%)
[Epoch006 0732/732] 损失:25.625 | LR:0.000400 | 0.5it/s (100.0%)
----------------------------------------------------------------------------------------------------
                       2026-03-28 19:08:51✅✅第【006】轮训练完成✅✅                       
----------------------------------------------------------------------------------------------------
📊平均总损失: 26.3223
📊当前学习率: 0.000400
📊本轮训练耗时: 1364.6s (22.7min)
📊平均速度: 0.54 it/s
📊目前最优训练损失第006轮: 26.3223
----------------------------------------------------------------------------------------------------
====================================================================================================
                        2026-03-28 19:08:53📈📈第【006】轮评估📈📈                        
====================================================================================================
📦 评估批次总数: 184
📦 批次大小: 32
----------------------------------------------------------------------------------------------------
[评估进度 Epoch006 0001/184] 0.5% | 0.3it/s
[评估进度 Epoch006 0184/184] 100.0% | 1.8it/s
----------------------------------------------------------------------------------------------------
📦 评估完成，评估耗时: 100.8s (1.7min)
Accumulating evaluation results...
COCOeval_opt.accumulate() finished...
DONE (t=3.83s).
IoU metric: bbox
 Average Precision  (AP) @[ IoU=0.50:0.95 | area=   all | maxDets=100 ] = 0.085
 Average Precision  (AP) @[ IoU=0.50      | area=   all | maxDets=100 ] = 0.173
 Average Precision  (AP) @[ IoU=0.75      | area=   all | maxDets=100 ] = 0.074
 Average Precision  (AP) @[ IoU=0.50:0.95 | area= small | maxDets=100 ] = 0.013
 Average Precision  (AP) @[ IoU=0.50:0.95 | area=medium | maxDets=100 ] = 0.058
 Average Precision  (AP) @[ IoU=0.50:0.95 | area= large | maxDets=100 ] = 0.120
 Average Recall     (AR) @[ IoU=0.50:0.95 | area=   all | maxDets=  1 ] = 0.106
 Average Recall     (AR) @[ IoU=0.50:0.95 | area=   all | maxDets= 10 ] = 0.199
 Average Recall     (AR) @[ IoU=0.50:0.95 | area=   all | maxDets=100 ] = 0.302
 Average Recall     (AR) @[ IoU=0.50:0.95 | area= small | maxDets=100 ] = 0.058
 Average Recall     (AR) @[ IoU=0.50:0.95 | area=medium | maxDets=100 ] = 0.218
 Average Recall     (AR) @[ IoU=0.50:0.95 | area= large | maxDets=100 ] = 0.381
 Average Recall     (AR) @[ IoU=0.50      | area=   all | maxDets=100 ] = 0.586
 Average Recall     (AR) @[ IoU=0.75      | area=   all | maxDets=100 ] = 0.268
======================================================================================================================================================
                    2026-03-28 19:10:37🏆🏆第【006】轮COCO核心评估结果🏆🏆                    
===============================================================================================================================🏆🏆第【006】轮结果🏆🏆
🎯        mAP@0.5 : 0.1730
🎯       mAP@0.75 : 0.0735
🎯 mAP@[0.5:0.95] : 0.0852
===============================================================================================================================🏆🏆第【006】轮结果🏆🏆
🔥        最优mAP@0.5 : 0.2126   | 记录于第 004 轮
🔥       最优mAP@0.75 : 0.0954   | 记录于第 004 轮
🔥 最优mAP@[0.5:0.95] : 0.1064   | 记录于第 004 轮
======================================================================================================================================================

====================================================================================================
                       2026-03-28 19:10:37🏆🏆第【007】轮开始训练🏆🏆                       
====================================================================================================
📦 总迭代数: 732
📦 批次大小: 32
📦 混合精度训练: True 
📦 当前学习率: 0.000400
📦 训练模式: 后台nohup
====================================================================================================
[Epoch007 0001/732] 损失:25.977 | LR:0.000400 | 0.1it/s (0.1%)
[Epoch007 0501/732] 损失:25.207 | LR:0.000400 | 0.5it/s (68.4%)
[Epoch007 0732/732] 损失:25.658 | LR:0.000400 | 0.5it/s (100.0%)
----------------------------------------------------------------------------------------------------
                       2026-03-28 19:33:52✅✅第【007】轮训练完成✅✅                       
----------------------------------------------------------------------------------------------------
📊平均总损失: 26.1235
📊当前学习率: 0.000400
📊本轮训练耗时: 1394.4s (23.2min)
📊平均速度: 0.52 it/s
📊目前最优训练损失第007轮: 26.1235
----------------------------------------------------------------------------------------------------
====================================================================================================
                        2026-03-28 19:33:52📈📈第【007】轮评估📈📈                        
====================================================================================================
📦 评估批次总数: 184
📦 批次大小: 32
----------------------------------------------------------------------------------------------------
[评估进度 Epoch007 0001/184] 0.5% | 0.3it/s
[评估进度 Epoch007 0184/184] 100.0% | 1.8it/s
----------------------------------------------------------------------------------------------------
📦 评估完成，评估耗时: 100.4s (1.7min)
Accumulating evaluation results...
COCOeval_opt.accumulate() finished...
DONE (t=3.91s).
IoU metric: bbox
 Average Precision  (AP) @[ IoU=0.50:0.95 | area=   all | maxDets=100 ] = 0.093
 Average Precision  (AP) @[ IoU=0.50      | area=   all | maxDets=100 ] = 0.188
 Average Precision  (AP) @[ IoU=0.75      | area=   all | maxDets=100 ] = 0.081
 Average Precision  (AP) @[ IoU=0.50:0.95 | area= small | maxDets=100 ] = 0.016
 Average Precision  (AP) @[ IoU=0.50:0.95 | area=medium | maxDets=100 ] = 0.065
 Average Precision  (AP) @[ IoU=0.50:0.95 | area= large | maxDets=100 ] = 0.130
 Average Recall     (AR) @[ IoU=0.50:0.95 | area=   all | maxDets=  1 ] = 0.106
 Average Recall     (AR) @[ IoU=0.50:0.95 | area=   all | maxDets= 10 ] = 0.208
 Average Recall     (AR) @[ IoU=0.50:0.95 | area=   all | maxDets=100 ] = 0.317
 Average Recall     (AR) @[ IoU=0.50:0.95 | area= small | maxDets=100 ] = 0.068
 Average Recall     (AR) @[ IoU=0.50:0.95 | area=medium | maxDets=100 ] = 0.232
 Average Recall     (AR) @[ IoU=0.50:0.95 | area= large | maxDets=100 ] = 0.400
 Average Recall     (AR) @[ IoU=0.50      | area=   all | maxDets=100 ] = 0.608
 Average Recall     (AR) @[ IoU=0.75      | area=   all | maxDets=100 ] = 0.285
======================================================================================================================================================
                    2026-03-28 19:35:37🏆🏆第【007】轮COCO核心评估结果🏆🏆                    
===============================================================================================================================🏆🏆第【007】轮结果🏆🏆
🎯        mAP@0.5 : 0.1883
🎯       mAP@0.75 : 0.0810
🎯 mAP@[0.5:0.95] : 0.0933
===============================================================================================================================🏆🏆第【007】轮结果🏆🏆
🔥        最优mAP@0.5 : 0.2126   | 记录于第 004 轮
🔥       最优mAP@0.75 : 0.0954   | 记录于第 004 轮
🔥 最优mAP@[0.5:0.95] : 0.1064   | 记录于第 004 轮
======================================================================================================================================================

====================================================================================================
                       2026-03-28 19:35:37🏆🏆第【008】轮开始训练🏆🏆                       
====================================================================================================
📦 总迭代数: 732
📦 批次大小: 32
📦 混合精度训练: True 
📦 当前学习率: 0.000400
📦 训练模式: 后台nohup
====================================================================================================
[Epoch008 0001/732] 损失:24.921 | LR:0.000400 | 0.1it/s (0.1%)
[Epoch008 0501/732] 损失:25.507 | LR:0.000400 | 0.5it/s (68.4%)
[Epoch008 0732/732] 损失:27.510 | LR:0.000400 | 0.5it/s (100.0%)
----------------------------------------------------------------------------------------------------
                       2026-03-28 19:58:55✅✅第【008】轮训练完成✅✅                       
----------------------------------------------------------------------------------------------------
📊平均总损失: 25.8813
📊当前学习率: 0.000400
📊本轮训练耗时: 1398.3s (23.3min)
📊平均速度: 0.52 it/s
📊目前最优训练损失第008轮: 25.8813
----------------------------------------------------------------------------------------------------
====================================================================================================
                        2026-03-28 19:58:57📈📈第【008】轮评估📈📈                        
====================================================================================================
📦 评估批次总数: 184
📦 批次大小: 32
----------------------------------------------------------------------------------------------------
[评估进度 Epoch008 0001/184] 0.5% | 0.3it/s
[评估进度 Epoch008 0184/184] 100.0% | 1.8it/s
----------------------------------------------------------------------------------------------------
📦 评估完成，评估耗时: 104.9s (1.7min)
Accumulating evaluation results...
COCOeval_opt.accumulate() finished...
DONE (t=3.93s).
IoU metric: bbox
 Average Precision  (AP) @[ IoU=0.50:0.95 | area=   all | maxDets=100 ] = 0.108
 Average Precision  (AP) @[ IoU=0.50      | area=   all | maxDets=100 ] = 0.217
 Average Precision  (AP) @[ IoU=0.75      | area=   all | maxDets=100 ] = 0.096
 Average Precision  (AP) @[ IoU=0.50:0.95 | area= small | maxDets=100 ] = 0.019
 Average Precision  (AP) @[ IoU=0.50:0.95 | area=medium | maxDets=100 ] = 0.074
 Average Precision  (AP) @[ IoU=0.50:0.95 | area= large | maxDets=100 ] = 0.148
 Average Recall     (AR) @[ IoU=0.50:0.95 | area=   all | maxDets=  1 ] = 0.112
 Average Recall     (AR) @[ IoU=0.50:0.95 | area=   all | maxDets= 10 ] = 0.220
 Average Recall     (AR) @[ IoU=0.50:0.95 | area=   all | maxDets=100 ] = 0.336
 Average Recall     (AR) @[ IoU=0.50:0.95 | area= small | maxDets=100 ] = 0.077
 Average Recall     (AR) @[ IoU=0.50:0.95 | area=medium | maxDets=100 ] = 0.244
 Average Recall     (AR) @[ IoU=0.50:0.95 | area= large | maxDets=100 ] = 0.420
 Average Recall     (AR) @[ IoU=0.50      | area=   all | maxDets=100 ] = 0.630
 Average Recall     (AR) @[ IoU=0.75      | area=   all | maxDets=100 ] = 0.303
======================================================================================================================================================
                    2026-03-28 20:00:45🏆🏆第【008】轮COCO核心评估结果🏆🏆                    
===============================================================================================================================🏆🏆第【008】轮结果🏆🏆
🎯        mAP@0.5 : 0.2166
🎯       mAP@0.75 : 0.0961
🎯 mAP@[0.5:0.95] : 0.1077
===============================================================================================================================🏆🏆第【008】轮结果🏆🏆
🔥        最优mAP@0.5 : 0.2166   | 记录于第 008 轮
🔥       最优mAP@0.75 : 0.0961   | 记录于第 008 轮
🔥 最优mAP@[0.5:0.95] : 0.1077   | 记录于第 008 轮
======================================================================================================================================================

====================================================================================================
                       2026-03-28 20:00:46🏆🏆第【009】轮开始训练🏆🏆                       
====================================================================================================
📦 总迭代数: 732
📦 批次大小: 32
📦 混合精度训练: True 
📦 当前学习率: 0.000400
📦 训练模式: 后台nohup
====================================================================================================
[Epoch009 0001/732] 损失:25.824 | LR:0.000400 | 0.1it/s (0.1%)
[Epoch009 0501/732] 损失:26.737 | LR:0.000400 | 0.6it/s (68.4%)
[Epoch009 0732/732] 损失:25.024 | LR:0.000400 | 0.6it/s (100.0%)
----------------------------------------------------------------------------------------------------
                       2026-03-28 20:22:17✅✅第【009】轮训练完成✅✅                       
----------------------------------------------------------------------------------------------------
📊平均总损失: 25.7855
📊当前学习率: 0.000400
📊本轮训练耗时: 1290.9s (21.5min)
📊平均速度: 0.57 it/s
📊目前最优训练损失第009轮: 25.7855
----------------------------------------------------------------------------------------------------
====================================================================================================
                        2026-03-28 20:22:18📈📈第【009】轮评估📈📈                        
====================================================================================================
📦 评估批次总数: 184
📦 批次大小: 32
----------------------------------------------------------------------------------------------------
[评估进度 Epoch009 0001/184] 0.5% | 0.3it/s
[评估进度 Epoch009 0184/184] 100.0% | 1.8it/s
----------------------------------------------------------------------------------------------------
📦 评估完成，评估耗时: 105.0s (1.7min)
Accumulating evaluation results...
COCOeval_opt.accumulate() finished...
DONE (t=3.27s).
IoU metric: bbox
 Average Precision  (AP) @[ IoU=0.50:0.95 | area=   all | maxDets=100 ] = 0.116
 Average Precision  (AP) @[ IoU=0.50      | area=   all | maxDets=100 ] = 0.231
 Average Precision  (AP) @[ IoU=0.75      | area=   all | maxDets=100 ] = 0.103
 Average Precision  (AP) @[ IoU=0.50:0.95 | area= small | maxDets=100 ] = 0.020
 Average Precision  (AP) @[ IoU=0.50:0.95 | area=medium | maxDets=100 ] = 0.078
 Average Precision  (AP) @[ IoU=0.50:0.95 | area= large | maxDets=100 ] = 0.158
 Average Recall     (AR) @[ IoU=0.50:0.95 | area=   all | maxDets=  1 ] = 0.114
 Average Recall     (AR) @[ IoU=0.50:0.95 | area=   all | maxDets= 10 ] = 0.228
 Average Recall     (AR) @[ IoU=0.50:0.95 | area=   all | maxDets=100 ] = 0.346
 Average Recall     (AR) @[ IoU=0.50:0.95 | area= small | maxDets=100 ] = 0.086
 Average Recall     (AR) @[ IoU=0.50:0.95 | area=medium | maxDets=100 ] = 0.249
 Average Recall     (AR) @[ IoU=0.50:0.95 | area= large | maxDets=100 ] = 0.437
 Average Recall     (AR) @[ IoU=0.50      | area=   all | maxDets=100 ] = 0.642
 Average Recall     (AR) @[ IoU=0.75      | area=   all | maxDets=100 ] = 0.314
======================================================================================================================================================
                    2026-03-28 20:24:06🏆🏆第【009】轮COCO核心评估结果🏆🏆                    
===============================================================================================================================🏆🏆第【009】轮结果🏆🏆
🎯        mAP@0.5 : 0.2311
🎯       mAP@0.75 : 0.1034
🎯 mAP@[0.5:0.95] : 0.1161
===============================================================================================================================🏆🏆第【009】轮结果🏆🏆
🔥        最优mAP@0.5 : 0.2311   | 记录于第 009 轮
🔥       最优mAP@0.75 : 0.1034   | 记录于第 009 轮
🔥 最优mAP@[0.5:0.95] : 0.1161   | 记录于第 009 轮
======================================================================================================================================================

====================================================================================================
                       2026-03-28 20:24:08🏆🏆第【010】轮开始训练🏆🏆                       
====================================================================================================
📦 总迭代数: 732
📦 批次大小: 32
📦 混合精度训练: True 
📦 当前学习率: 0.000400
📦 训练模式: 后台nohup
====================================================================================================
